[01m[K/home/cjy/drone/mavros/catkin_ws/src/f450_control/src/exec_control.cpp:[m[K In function â€˜[01m[Kint main(int, char**)[m[Kâ€™:
[01m[K/home/cjy/drone/mavros/catkin_ws/src/f450_control/src/exec_control.cpp:71:13:[m[K [01;31m[Kerror: [m[Kexpected primary-expression before â€˜[01m[Kbreak[m[Kâ€™
   71 |             [01;31m[Kbreak[m[K;
      |             [01;31m[K^~~~~[m[K
[01m[K/home/cjy/drone/mavros/catkin_ws/src/f450_control/src/exec_control.cpp:80:13:[m[K [01;31m[Kerror: [m[Kexpected primary-expression before â€˜[01m[Kbreak[m[Kâ€™
   80 |             [01;31m[Kbreak[m[K;
      |             [01;31m[K^~~~~[m[K
make[2]: *** [CMakeFiles/exec_control_node.dir/build.make:76: CMakeFiles/exec_control_node.dir/src/exec_control.cpp.o] Error 1
make[1]: *** [CMakeFiles/Makefile2:1279: CMakeFiles/exec_control_node.dir/all] Error 2
make: *** [Makefile:146: all] Error 2
