[  0%] Built target std_msgs_generate_messages_nodejs
[  0%] Built target std_msgs_generate_messages_py
[  0%] Built target std_msgs_generate_messages_lisp
[  0%] Built target std_msgs_generate_messages_cpp
[  0%] Built target std_msgs_generate_messages_eus
[ 27%] Built target exec_control_node
[ 27%] [32mBuilding CXX object CMakeFiles/control_node.dir/src/control.cpp.o[0m
[ 27%] Built target _f450_control_generate_messages_check_deps_flag
[ 54%] Built target f450_control_generate_messages_eus
[ 54%] Built target f450_control_generate_messages_cpp
[ 72%] Built target f450_control_generate_messages_py
[ 81%] Built target f450_control_generate_messages_nodejs
[ 90%] Built target f450_control_generate_messages_lisp
[ 90%] Built target f450_control_generate_messages
[01m[K/home/cjy/drone/mavros/catkin_ws/src/f450_control/src/control.cpp:188:1:[m[K [01;31m[Kerror: [m[Kexpected declaration before â€˜[01m[K}[m[Kâ€™ token
  188 | [01;31m[K}[m[K
      | [01;31m[K^[m[K
make[2]: *** [CMakeFiles/control_node.dir/build.make:76: CMakeFiles/control_node.dir/src/control.cpp.o] Error 1
make[1]: *** [CMakeFiles/Makefile2:1200: CMakeFiles/control_node.dir/all] Error 2
make: *** [Makefile:146: all] Error 2
