[01m[K/home/cjy/drone/mavros/catkin_ws/src/f450_control/src/control.cpp:188:1:[m[K [01;31m[Kerror: [m[Kexpected declaration before â€˜[01m[K}[m[Kâ€™ token
  188 | [01;31m[K}[m[K
      | [01;31m[K^[m[K
make[2]: *** [CMakeFiles/control_node.dir/build.make:76: CMakeFiles/control_node.dir/src/control.cpp.o] Error 1
make[1]: *** [CMakeFiles/Makefile2:1200: CMakeFiles/control_node.dir/all] Error 2
make: *** [Makefile:146: all] Error 2
